* using log directory ‘/Users/mnaylor/Documents/GitHub/ETAS.inlabru/ETAS.inlabru.Rcheck’
* using R version 4.2.1 (2022-06-23)
* using platform: x86_64-apple-darwin17.0 (64-bit)
* using session charset: UTF-8
* using options ‘--no-manual --as-cran’
* checking for file ‘ETAS.inlabru/DESCRIPTION’ ... OK
* checking extension type ... Package
* this is package ‘ETAS.inlabru’ version ‘0.1.0’
* package encoding: UTF-8
* checking package namespace information ... OK
* checking package dependencies ... OK
* checking if this is a source package ... OK
* checking if there is a namespace ... OK
* checking for executable files ... OK
* checking for hidden files and directories ... OK
* checking for portable file names ... OK
* checking for sufficient/correct file permissions ... OK
* checking serialization versions ... OK
* checking whether package ‘ETAS.inlabru’ can be installed ... OK
* checking installed package size ... OK
* checking package directory ... OK
* checking for future file timestamps ... NOTE
unable to verify current time
* checking DESCRIPTION meta-information ... WARNING
Non-standard license specification:
  What license is it under?
Standardizable: FALSE
* checking top-level files ... OK
* checking for left-over files ... OK
* checking index information ... OK
* checking package subdirectories ... OK
* checking R files for non-ASCII characters ... OK
* checking R files for syntax errors ... OK
* checking whether the package can be loaded ... OK
* checking whether the package can be loaded with stated dependencies ... OK
* checking whether the package can be unloaded cleanly ... OK
* checking whether the namespace can be loaded with stated dependencies ... OK
* checking whether the namespace can be unloaded cleanly ... OK
* checking loading without being on the library search path ... OK
* checking dependencies in R code ... NOTE
Namespaces in Imports field not imported from:
  ‘lemon’ ‘tidyquant’
  All declared Imports should be used.
* checking S3 generic/method consistency ... WARNING
log:
  function(x, base)
log.Lambda_h2:
  function(theta, ti, mi, M0, T1, T2)

See section ‘Generic functions and methods’ in the ‘Writing R
Extensions’ manual.

Found the following apparent S3 methods exported but not registered:
  log.Lambda_h2
See section ‘Registering S3 methods’ in the ‘Writing R Extensions’
manual.
* checking replacement functions ... OK
* checking foreign function calls ... OK
* checking R code for possible problems ... NOTE
sample.temporal.ETAS.generation: warning in log.Lambda_h2(th = theta,
  ti = Ht$ts, mi = Ht$magnitudes, M0 = M0, T1 = T1, T2 = T2): partial
  argument match of 'th' to 'theta'
generate.temporal.ETAS.synthetic: no visible global function definition
  for ‘rpois’
generate.temporal.ETAS.synthetic: no visible global function definition
  for ‘runif’
generate.temporal.ETAS.synthetic: no visible global function definition
  for ‘rexp’
sample.GR.magnitudes: no visible global function definition for ‘rexp’
sample.temporal.ETAS.generation : <anonymous>: no visible global
  function definition for ‘rpois’
sample.temporal.ETAS.times: no visible global function definition for
  ‘runif’
Undefined global functions or variables:
  rexp rpois runif
Consider adding
  importFrom("stats", "rexp", "rpois", "runif")
to your NAMESPACE file.
* checking Rd files ... OK
* checking Rd metadata ... OK
* checking Rd line widths ... NOTE
Rd file 'generate.temporal.ETAS.synthetic.Rd':
  \examples lines wider than 100 characters:
     generate.temporal.ETAS.synthetic( theta=data.frame(mu=0.1, K=0.089, alpha=2.29, c=0.11, p=1.08), beta.p=log(10), M0=2.5, T1=0, T2=1000  ... [TRUNCATED]
     generate.temporal.ETAS.synthetic( theta=data.frame(mu=0.1, K=0.089, alpha=2.29, c=0.11, p=1.08), beta.p=log(10), M0=2.5, T1=0, T2=1000, ... [TRUNCATED]

These lines will be truncated in the PDF manual.
* checking Rd cross-references ... WARNING
Missing link or links in documentation object 'generate.temporal.ETAS.synthetic.Rd':
  ‘days’

Missing link or links in documentation object 'sample.temoral.ETAS.daughters.Rd':
  ‘days’

Missing link or links in documentation object 'sample.temporal.ETAS.generation.Rd':
  ‘days’

See section 'Cross-references' in the 'Writing R Extensions' manual.
* checking for missing documentation entries ... OK
* checking for code/documentation mismatches ... OK
* checking Rd \usage sections ... WARNING
Undocumented arguments in documentation object 'Int.ETAS.time.trig.function'
  ‘theta’ ‘th’

Undocumented arguments in documentation object 'Inv.Int.ETAS.time.trig.function'
  ‘theta’ ‘omega’

Undocumented arguments in documentation object 'log.Lambda_h2'
  ‘ti’ ‘mi’ ‘M0’ ‘T1’

Undocumented arguments in documentation object 'sample.temoral.ETAS.daughters'
  ‘theta’ ‘beta.p’ ‘th’

Undocumented arguments in documentation object 'sample.temporal.ETAS.generation'
  ‘theta’ ‘beta.p’

Undocumented arguments in documentation object 'sample.temporal.ETAS.times'
  ‘th’

Functions with \usage entries need to have the appropriate \alias
entries, and all their arguments documented.
The \usage entries must correspond to syntactically valid R code.
See chapter ‘Writing R documentation files’ in the ‘Writing R
Extensions’ manual.
* checking Rd contents ... WARNING
Argument items with no description in Rd object 'Int.ETAS.time.trig.function':
  ‘T2’

Argument items with no description in Rd object 'Inv.Int.ETAS.time.trig.function':
  ‘th’

Argument items with no description in Rd object 'log.Lambda_h2':
  ‘T2’

Argument items with no description in Rd object 'sample.temporal.ETAS.times':
  ‘T2’

* checking for unstated dependencies in examples ... OK
* checking examples ... OK
* checking for non-standard things in the check directory ... OK
* checking for detritus in the temp directory ... OK
* DONE
Status: 5 WARNINGs, 4 NOTEs
