Hmm ... looks like a package
Converting parsed Rd's to LaTeX ...
Creating pdf output from LaTeX ...
Warning in texi2dvi(file = file, pdf = TRUE, clean = clean, quiet = quiet,  :
  texi2dvi script/program not available, using emulation
This is pdfTeX, Version 3.141592653-2.6-1.40.22 (TeX Live 2022/dev/Debian) (preloaded format=pdflatex)
 restricted \write18 enabled.
entering extended mode
(./Rd2.tex
LaTeX2e <2021-11-15> patch level 1
L3 programming layer <2022-01-21>
(/usr/share/texlive/texmf-dist/tex/latex/base/book.cls
Document Class: book 2021/10/04 v1.4n Standard LaTeX document class
(/usr/share/texlive/texmf-dist/tex/latex/base/bk10.clo))
(/usr/share/R/share/texmf/tex/latex/Rd.sty
(/usr/share/texlive/texmf-dist/tex/latex/base/ifthen.sty)
(/usr/share/texlive/texmf-dist/tex/latex/tools/longtable.sty)
(/usr/share/texlive/texmf-dist/tex/latex/tools/bm.sty)
(/usr/share/texlive/texmf-dist/tex/latex/base/alltt.sty)
(/usr/share/texlive/texmf-dist/tex/latex/tools/verbatim.sty)
(/usr/share/texlive/texmf-dist/tex/latex/url/url.sty)
(/usr/share/texlive/texmf-dist/tex/latex/base/textcomp.sty)
(/usr/share/texlive/texmf-dist/tex/generic/iftex/iftex.sty)
(/usr/share/texlive/texmf-dist/tex/latex/base/fontenc.sty)
(/usr/share/texlive/texmf-dist/tex/latex/psnfss/times.sty)
(/usr/share/texlive/texmf-dist/tex/latex/graphics/color.sty
(/usr/share/texlive/texmf-dist/tex/latex/graphics-cfg/color.cfg)
(/usr/share/texlive/texmf-dist/tex/latex/graphics-def/pdftex.def))
(/usr/share/texlive/texmf-dist/tex/latex/hyperref/hyperref.sty
(/usr/share/texlive/texmf-dist/tex/generic/ltxcmds/ltxcmds.sty)
(/usr/share/texlive/texmf-dist/tex/generic/pdftexcmds/pdftexcmds.sty
(/usr/share/texlive/texmf-dist/tex/generic/infwarerr/infwarerr.sty))
(/usr/share/texlive/texmf-dist/tex/latex/graphics/keyval.sty)
(/usr/share/texlive/texmf-dist/tex/generic/kvsetkeys/kvsetkeys.sty)
(/usr/share/texlive/texmf-dist/tex/generic/kvdefinekeys/kvdefinekeys.sty)
(/usr/share/texlive/texmf-dist/tex/generic/pdfescape/pdfescape.sty)
(/usr/share/texlive/texmf-dist/tex/latex/hycolor/hycolor.sty)
(/usr/share/texlive/texmf-dist/tex/latex/letltxmacro/letltxmacro.sty)
(/usr/share/texlive/texmf-dist/tex/latex/auxhook/auxhook.sty)
(/usr/share/texlive/texmf-dist/tex/latex/kvoptions/kvoptions.sty)
(/usr/share/texlive/texmf-dist/tex/latex/hyperref/pd1enc.def)
(/usr/share/texlive/texmf-dist/tex/latex/hyperref/hyperref-langpatches.def)
(/usr/share/texlive/texmf-dist/tex/generic/intcalc/intcalc.sty)
(/usr/share/texlive/texmf-dist/tex/generic/etexcmds/etexcmds.sty)
(/usr/share/texlive/texmf-dist/tex/latex/hyperref/puenc.def)
(/usr/share/texlive/texmf-dist/tex/generic/bitset/bitset.sty
(/usr/share/texlive/texmf-dist/tex/generic/bigintcalc/bigintcalc.sty))
(/usr/share/texlive/texmf-dist/tex/latex/base/atbegshi-ltx.sty))
(/usr/share/texlive/texmf-dist/tex/latex/hyperref/hpdftex.def
(/usr/share/texlive/texmf-dist/tex/latex/base/atveryend-ltx.sty)
(/usr/share/texlive/texmf-dist/tex/latex/rerunfilecheck/rerunfilecheck.sty
(/usr/share/texlive/texmf-dist/tex/generic/uniquecounter/uniquecounter.sty)))

Package hyperref Warning: Option `hyperindex' has already been used,
(hyperref)                setting the option has no effect on input line 388.


Package hyperref Warning: Option `pagebackref' has already been used,
(hyperref)                setting the option has no effect on input line 388.

) (/usr/share/texlive/texmf-dist/tex/latex/base/inputenc.sty)
(/usr/share/texlive/texmf-dist/tex/latex/psnfss/t1ptm.fd)
(/usr/share/texlive/texmf-dist/tex/latex/l3backend/l3backend-pdftex.def)
No file Rd2.aux.
(/usr/share/texlive/texmf-dist/tex/context/base/mkii/supp-pdf.mkii
[Loading MPS to PDF converter (version 2006.09.02).]
) (/usr/share/texlive/texmf-dist/tex/latex/hyperref/nameref.sty
(/usr/share/texlive/texmf-dist/tex/latex/refcount/refcount.sty)
(/usr/share/texlive/texmf-dist/tex/generic/gettitlestring/gettitlestring.sty))
(/usr/share/texlive/texmf-dist/tex/latex/psnfss/t1pcr.fd)
(/usr/share/texlive/texmf-dist/tex/latex/psnfss/t1phv.fd) [1{/var/lib/texmf/fon
ts/map/pdftex/updmap/pdftex.map}] [2]
(/usr/share/texlive/texmf-dist/tex/latex/psnfss/ts1pcr.fd)
Overfull \hbox (47.58038pt too wide) in paragraph at lines 114--114
 []\T1/pcr/m/n/9 #create.input.list.temporal.noCatalogue(\TS1/pcr/m/n/9 '\T1/pc
r/m/n/9 data/user_input_synthetic_noCatalog.txt\TS1/pcr/m/n/9 '\T1/pcr/m/n/9 )[
] 
[3]
Overfull \hbox (12.28963pt too wide) in paragraph at lines 177--178
[]\T1/ptm/m/n/10 ETAS pa-ram-e-ters []\T1/pcr/m/n/10 data.frame(mu=mu, K=K, alp
ha=alpha, c=c, p=p)[]\T1/ptm/m/n/10 . 
[4]
Overfull \hbox (339.18005pt too wide) in paragraph at lines 202--202
 []\T1/pcr/m/n/9 generate.temporal.ETAS.synthetic( theta=data.frame(mu=0.1, K=0
.089, alpha=2.29, c=0.11, p=1.08), beta.p=log(10), M0=2.5, T1=0, T2=1000 )[] 

Overfull \hbox (36.7804pt too wide) in paragraph at lines 205--205
 []\T1/pcr/m/n/9 ## EXAMPLE 2: To generate a 1000 day catalogue including a M6.
7 event on day 500[] 

Overfull \hbox (376.98001pt too wide) in paragraph at lines 208--208
 []\T1/pcr/m/n/9 generate.temporal.ETAS.synthetic( theta=data.frame(mu=0.1, K=0
.089, alpha=2.29, c=0.11, p=1.08), beta.p=log(10), M0=2.5, T1=0, T2=1000, Ht=Ht
 )[] 

Overfull \hbox (13.74802pt too wide) in paragraph at lines 244--245
[]\T1/ptm/m/n/10 Which has com-bined the in-put file (for link func-tions) and 
bru out-put (for marginals) 
[5]
Underfull \hbox (badness 1259) in paragraph at lines 272--272
[]\T1/ptm/m/it/10 Time trig-ger-ing func-tion - used by In-labru MN: TODO Cross
-
[6] [7] [8]
Overfull \hbox (66.78088pt too wide) in paragraph at lines 403--403
 []\T1/pcr/m/n/10 Inv.IntInjecIntensity(a = 50, V.i = 1, tau = 10, T.i, number.
injected.events) 
[9]
Overfull \hbox (54.78088pt too wide) in paragraph at lines 483--483
 []\T1/pcr/m/n/10 lambda.N(th.mu, th.K, th.alpha, th.c, th.p, T1, T2, M0, Ht, l
ink.functions) 
[10] [11]
Overfull \hbox (12.28963pt too wide) in paragraph at lines 571--572
[]\T1/ptm/m/n/10 ETAS pa-ram-e-ters []\T1/pcr/m/n/10 data.frame(mu=mu, K=K, alp
ha=alpha, c=c, p=p)[]\T1/ptm/m/n/10 . 
[12] [13]
Overfull \hbox (13.74802pt too wide) in paragraph at lines 662--663
[]\T1/ptm/m/n/10 Which has com-bined the in-put file (for link func-tions) and 
bru out-put (for marginals) 
[14]
Overfull \hbox (0.78088pt too wide) in paragraph at lines 712--712
 []\T1/pcr/m/n/10 sample.temoral.ETAS.daughters(theta, beta.p, th, n.ev, M0, T1
, T2) 

Overfull \hbox (12.28963pt too wide) in paragraph at lines 718--719
[]\T1/ptm/m/n/10 ETAS pa-ram-e-ters []\T1/pcr/m/n/10 data.frame(mu=mu, K=K, alp
ha=alpha, c=c, p=p)[]\T1/ptm/m/n/10 . 
[15]
Overfull \hbox (78.78088pt too wide) in paragraph at lines 746--746
 []\T1/pcr/m/n/10 sample.temoral.injection.events(a = 50, V.i = 1, tau = 10, be
ta.p, M0, T.i, T2) 

Underfull \hbox (badness 3803) in paragraph at lines 772--772
[]\T1/ptm/m/it/10 Take all pre-vi-ous par-ent events from []\T1/pcr/m/n/10 Ht=d
ata.frame[ts,
[16]
Overfull \hbox (42.78088pt too wide) in paragraph at lines 780--780
 []\T1/pcr/m/n/10 sample.temporal.ETAS.generation(theta, beta.p, Ht, M0, T1, T2
, ncore = 1) 

Overfull \hbox (12.28963pt too wide) in paragraph at lines 786--787
[]\T1/ptm/m/n/10 ETAS pa-ram-e-ters []\T1/pcr/m/n/10 data.frame(mu=mu, K=K, alp
ha=alpha, c=c, p=p)[]\T1/ptm/m/n/10 . 

Overfull \hbox (371.58002pt too wide) in paragraph at lines 810--810
 []\T1/pcr/m/n/9 sample.temporal.ETAS.generation( theta=data.frame(mu=0.1, K=0.
089, alpha=2.29, c=0.11, p=1.08), beta.p=log(10), M0=2.5, T1=0, T2=1000, Ht=Ht 
)[] 

Overfull \hbox (12.28963pt too wide) in paragraph at lines 828--829
[]\T1/ptm/m/n/10 ETAS pa-ram-e-ters []\T1/pcr/m/n/10 data.frame(mu=mu, K=K, alp
ha=alpha, c=c, p=p)[]\T1/ptm/m/n/10 . 
[17] [18]
Overfull \hbox (88.51616pt too wide) in paragraph at lines 882--883
[]\T1/ptm/m/n/10 Runtime op-tions for in-labru: See https://inlabru-org.github.
io/inlabru/reference/bru_call_options.html,
[19]
Overfull \hbox (6.78088pt too wide) in paragraph at lines 921--921
 []\T1/pcr/m/n/10 time(data.point, coef.t, delta.t, T2., displaygrid = FALSE, N
.exp.)[] 
[20] [21] (./Rd2.aux)

Package rerunfilecheck Warning: File `Rd2.out' has changed.
(rerunfilecheck)                Rerun to get outlines right
(rerunfilecheck)                or use package `bookmark'.

 )
(see the transcript file for additional information)pdfTeX warning (dest): name
{Rfn.measure\040unit\040of\040sample.s.Rdol.ts} has been referenced but does no
t exist, replaced by a fixed one

pdfTeX warning (dest): name{Rfn.0,\040T2} has been referenced but does not exis
t, replaced by a fixed one

pdfTeX warning (dest): name{Rfn.days} has been referenced but does not exist, r
eplaced by a fixed one

{/usr/share/texlive/texmf-dist/fonts/enc/dvips/base/8r.enc}</usr/share/texlive/
texmf-dist/fonts/type1/urw/courier/ucrr8a.pfb></usr/share/texlive/texmf-dist/fo
nts/type1/urw/helvetic/uhvr8a.pfb></usr/share/texlive/texmf-dist/fonts/type1/ur
w/times/utmb8a.pfb></usr/share/texlive/texmf-dist/fonts/type1/urw/times/utmr8a.
pfb></usr/share/texlive/texmf-dist/fonts/type1/urw/times/utmr8a.pfb></usr/share
/texlive/texmf-dist/fonts/type1/urw/times/utmri8a.pfb>
Output written on Rd2.pdf (21 pages, 110028 bytes).
Transcript written on Rd2.log.
This is pdfTeX, Version 3.141592653-2.6-1.40.22 (TeX Live 2022/dev/Debian) (preloaded format=pdflatex)
 restricted \write18 enabled.
entering extended mode
(./Rd2.tex
LaTeX2e <2021-11-15> patch level 1
L3 programming layer <2022-01-21>
(/usr/share/texlive/texmf-dist/tex/latex/base/book.cls
Document Class: book 2021/10/04 v1.4n Standard LaTeX document class
(/usr/share/texlive/texmf-dist/tex/latex/base/bk10.clo))
(/usr/share/R/share/texmf/tex/latex/Rd.sty
(/usr/share/texlive/texmf-dist/tex/latex/base/ifthen.sty)
(/usr/share/texlive/texmf-dist/tex/latex/tools/longtable.sty)
(/usr/share/texlive/texmf-dist/tex/latex/tools/bm.sty)
(/usr/share/texlive/texmf-dist/tex/latex/base/alltt.sty)
(/usr/share/texlive/texmf-dist/tex/latex/tools/verbatim.sty)
(/usr/share/texlive/texmf-dist/tex/latex/url/url.sty)
(/usr/share/texlive/texmf-dist/tex/latex/base/textcomp.sty)
(/usr/share/texlive/texmf-dist/tex/generic/iftex/iftex.sty)
(/usr/share/texlive/texmf-dist/tex/latex/base/fontenc.sty)
(/usr/share/texlive/texmf-dist/tex/latex/psnfss/times.sty)
(/usr/share/texlive/texmf-dist/tex/latex/graphics/color.sty
(/usr/share/texlive/texmf-dist/tex/latex/graphics-cfg/color.cfg)
(/usr/share/texlive/texmf-dist/tex/latex/graphics-def/pdftex.def))
(/usr/share/texlive/texmf-dist/tex/latex/hyperref/hyperref.sty
(/usr/share/texlive/texmf-dist/tex/generic/ltxcmds/ltxcmds.sty)
(/usr/share/texlive/texmf-dist/tex/generic/pdftexcmds/pdftexcmds.sty
(/usr/share/texlive/texmf-dist/tex/generic/infwarerr/infwarerr.sty))
(/usr/share/texlive/texmf-dist/tex/latex/graphics/keyval.sty)
(/usr/share/texlive/texmf-dist/tex/generic/kvsetkeys/kvsetkeys.sty)
(/usr/share/texlive/texmf-dist/tex/generic/kvdefinekeys/kvdefinekeys.sty)
(/usr/share/texlive/texmf-dist/tex/generic/pdfescape/pdfescape.sty)
(/usr/share/texlive/texmf-dist/tex/latex/hycolor/hycolor.sty)
(/usr/share/texlive/texmf-dist/tex/latex/letltxmacro/letltxmacro.sty)
(/usr/share/texlive/texmf-dist/tex/latex/auxhook/auxhook.sty)
(/usr/share/texlive/texmf-dist/tex/latex/kvoptions/kvoptions.sty)
(/usr/share/texlive/texmf-dist/tex/latex/hyperref/pd1enc.def)
(/usr/share/texlive/texmf-dist/tex/latex/hyperref/hyperref-langpatches.def)
(/usr/share/texlive/texmf-dist/tex/generic/intcalc/intcalc.sty)
(/usr/share/texlive/texmf-dist/tex/generic/etexcmds/etexcmds.sty)
(/usr/share/texlive/texmf-dist/tex/latex/hyperref/puenc.def)
(/usr/share/texlive/texmf-dist/tex/generic/bitset/bitset.sty
(/usr/share/texlive/texmf-dist/tex/generic/bigintcalc/bigintcalc.sty))
(/usr/share/texlive/texmf-dist/tex/latex/base/atbegshi-ltx.sty))
(/usr/share/texlive/texmf-dist/tex/latex/hyperref/hpdftex.def
(/usr/share/texlive/texmf-dist/tex/latex/base/atveryend-ltx.sty)
(/usr/share/texlive/texmf-dist/tex/latex/rerunfilecheck/rerunfilecheck.sty
(/usr/share/texlive/texmf-dist/tex/generic/uniquecounter/uniquecounter.sty)))

Package hyperref Warning: Option `hyperindex' has already been used,
(hyperref)                setting the option has no effect on input line 388.


Package hyperref Warning: Option `pagebackref' has already been used,
(hyperref)                setting the option has no effect on input line 388.

) (/usr/share/texlive/texmf-dist/tex/latex/base/inputenc.sty)
(/usr/share/texlive/texmf-dist/tex/latex/psnfss/t1ptm.fd)
(/usr/share/texlive/texmf-dist/tex/latex/l3backend/l3backend-pdftex.def)
(./Rd2.aux) (/usr/share/texlive/texmf-dist/tex/context/base/mkii/supp-pdf.mkii
[Loading MPS to PDF converter (version 2006.09.02).]
) (/usr/share/texlive/texmf-dist/tex/latex/hyperref/nameref.sty
(/usr/share/texlive/texmf-dist/tex/latex/refcount/refcount.sty)
(/usr/share/texlive/texmf-dist/tex/generic/gettitlestring/gettitlestring.sty))
(./Rd2.out) (./Rd2.out)
(/usr/share/texlive/texmf-dist/tex/latex/psnfss/t1pcr.fd)
(/usr/share/texlive/texmf-dist/tex/latex/psnfss/t1phv.fd) (./Rd2.toc [1{/var/li
b/texmf/fonts/map/pdftex/updmap/pdftex.map}]) [2]
(/usr/share/texlive/texmf-dist/tex/latex/psnfss/ts1pcr.fd)
Overfull \hbox (47.58038pt too wide) in paragraph at lines 114--114
 []\T1/pcr/m/n/9 #create.input.list.temporal.noCatalogue(\TS1/pcr/m/n/9 '\T1/pc
r/m/n/9 data/user_input_synthetic_noCatalog.txt\TS1/pcr/m/n/9 '\T1/pcr/m/n/9 )[
] 
[3] [4]
Overfull \hbox (12.28963pt too wide) in paragraph at lines 177--178
[]\T1/ptm/m/n/10 ETAS pa-ram-e-ters []\T1/pcr/m/n/10 data.frame(mu=mu, K=K, alp
ha=alpha, c=c, p=p)[]\T1/ptm/m/n/10 . 

Overfull \hbox (339.18005pt too wide) in paragraph at lines 202--202
 []\T1/pcr/m/n/9 generate.temporal.ETAS.synthetic( theta=data.frame(mu=0.1, K=0
.089, alpha=2.29, c=0.11, p=1.08), beta.p=log(10), M0=2.5, T1=0, T2=1000 )[] 

Overfull \hbox (36.7804pt too wide) in paragraph at lines 205--205
 []\T1/pcr/m/n/9 ## EXAMPLE 2: To generate a 1000 day catalogue including a M6.
7 event on day 500[] 

Overfull \hbox (376.98001pt too wide) in paragraph at lines 208--208
 []\T1/pcr/m/n/9 generate.temporal.ETAS.synthetic( theta=data.frame(mu=0.1, K=0
.089, alpha=2.29, c=0.11, p=1.08), beta.p=log(10), M0=2.5, T1=0, T2=1000, Ht=Ht
 )[] 
[5]
Overfull \hbox (13.74802pt too wide) in paragraph at lines 244--245
[]\T1/ptm/m/n/10 Which has com-bined the in-put file (for link func-tions) and 
bru out-put (for marginals) 
[6]
Underfull \hbox (badness 1259) in paragraph at lines 272--272
[]\T1/ptm/m/it/10 Time trig-ger-ing func-tion - used by In-labru MN: TODO Cross
-
[7] [8] [9]
Overfull \hbox (66.78088pt too wide) in paragraph at lines 403--403
 []\T1/pcr/m/n/10 Inv.IntInjecIntensity(a = 50, V.i = 1, tau = 10, T.i, number.
injected.events) 
[10]
Overfull \hbox (54.78088pt too wide) in paragraph at lines 483--483
 []\T1/pcr/m/n/10 lambda.N(th.mu, th.K, th.alpha, th.c, th.p, T1, T2, M0, Ht, l
ink.functions) 
[11] [12]
Overfull \hbox (12.28963pt too wide) in paragraph at lines 571--572
[]\T1/ptm/m/n/10 ETAS pa-ram-e-ters []\T1/pcr/m/n/10 data.frame(mu=mu, K=K, alp
ha=alpha, c=c, p=p)[]\T1/ptm/m/n/10 . 
[13] [14]
Overfull \hbox (13.74802pt too wide) in paragraph at lines 662--663
[]\T1/ptm/m/n/10 Which has com-bined the in-put file (for link func-tions) and 
bru out-put (for marginals) 
[15]
Overfull \hbox (0.78088pt too wide) in paragraph at lines 712--712
 []\T1/pcr/m/n/10 sample.temoral.ETAS.daughters(theta, beta.p, th, n.ev, M0, T1
, T2) 

Overfull \hbox (12.28963pt too wide) in paragraph at lines 718--719
[]\T1/ptm/m/n/10 ETAS pa-ram-e-ters []\T1/pcr/m/n/10 data.frame(mu=mu, K=K, alp
ha=alpha, c=c, p=p)[]\T1/ptm/m/n/10 . 
[16]
Overfull \hbox (78.78088pt too wide) in paragraph at lines 746--746
 []\T1/pcr/m/n/10 sample.temoral.injection.events(a = 50, V.i = 1, tau = 10, be
ta.p, M0, T.i, T2) 

Underfull \hbox (badness 3803) in paragraph at lines 772--772
[]\T1/ptm/m/it/10 Take all pre-vi-ous par-ent events from []\T1/pcr/m/n/10 Ht=d
ata.frame[ts,
[17]
Overfull \hbox (42.78088pt too wide) in paragraph at lines 780--780
 []\T1/pcr/m/n/10 sample.temporal.ETAS.generation(theta, beta.p, Ht, M0, T1, T2
, ncore = 1) 

Overfull \hbox (12.28963pt too wide) in paragraph at lines 786--787
[]\T1/ptm/m/n/10 ETAS pa-ram-e-ters []\T1/pcr/m/n/10 data.frame(mu=mu, K=K, alp
ha=alpha, c=c, p=p)[]\T1/ptm/m/n/10 . 

Overfull \hbox (371.58002pt too wide) in paragraph at lines 810--810
 []\T1/pcr/m/n/9 sample.temporal.ETAS.generation( theta=data.frame(mu=0.1, K=0.
089, alpha=2.29, c=0.11, p=1.08), beta.p=log(10), M0=2.5, T1=0, T2=1000, Ht=Ht 
)[] 

Overfull \hbox (12.28963pt too wide) in paragraph at lines 828--829
[]\T1/ptm/m/n/10 ETAS pa-ram-e-ters []\T1/pcr/m/n/10 data.frame(mu=mu, K=K, alp
ha=alpha, c=c, p=p)[]\T1/ptm/m/n/10 . 
[18] [19]
Overfull \hbox (88.51616pt too wide) in paragraph at lines 882--883
[]\T1/ptm/m/n/10 Runtime op-tions for in-labru: See https://inlabru-org.github.
io/inlabru/reference/bru_call_options.html,
[20]
Overfull \hbox (6.78088pt too wide) in paragraph at lines 921--921
 []\T1/pcr/m/n/10 time(data.point, coef.t, delta.t, T2., displaygrid = FALSE, N
.exp.)[] 
[21] [22] (./Rd2.aux) )
(see the transcript file for additional information)pdfTeX warning (dest): name
{Rfn.measure\040unit\040of\040sample.s.Rdol.ts} has been referenced but does no
t exist, replaced by a fixed one

pdfTeX warning (dest): name{Rfn.0,\040T2} has been referenced but does not exis
t, replaced by a fixed one

pdfTeX warning (dest): name{Rfn.days} has been referenced but does not exist, r
eplaced by a fixed one

{/usr/share/texlive/texmf-dist/fonts/enc/dvips/base/8r.enc}</usr/share/texlive/
texmf-dist/fonts/type1/urw/courier/ucrr8a.pfb></usr/share/texlive/texmf-dist/fo
nts/type1/urw/helvetic/uhvr8a.pfb></usr/share/texlive/texmf-dist/fonts/type1/ur
w/times/utmb8a.pfb></usr/share/texlive/texmf-dist/fonts/type1/urw/times/utmr8a.
pfb></usr/share/texlive/texmf-dist/fonts/type1/urw/times/utmr8a.pfb></usr/share
/texlive/texmf-dist/fonts/type1/urw/times/utmri8a.pfb>
Output written on Rd2.pdf (22 pages, 114566 bytes).
Transcript written on Rd2.log.
Saving output to ‘ETAS.inlabru-manual.pdf’ ...
Done
You may want to clean up by 'rm -Rf /tmp/Rtmpulx8b8/Rd2pdf1807f2b2f452c'
